<?xml version="1.0" encoding="UTF-8"?>
<coverage generated="1675106188730" clover="3.2.0">
  <project timestamp="1675106188730" name="All files">
    <metrics statements="25" coveredstatements="25" conditionals="4" coveredconditionals="4" methods="16" coveredmethods="16" elements="45" coveredelements="45" complexity="0" loc="25" ncloc="25" packages="1" files="1" classes="1"/>
    <file name="schema.js" path="/Users/bespin-starter/Desktop/DU Code/DU Capstone V2/schema.js">
      <metrics statements="25" coveredstatements="25" conditionals="4" coveredconditionals="4" methods="16" coveredmethods="16"/>
      <line num="5" count="1" type="stmt"/>
      <line num="41" count="1" type="stmt"/>
      <line num="92" count="1" type="stmt"/>
      <line num="110" count="1" type="stmt"/>
      <line num="156" count="1" type="stmt"/>
      <line num="159" count="6" type="stmt"/>
      <line num="161" count="10" type="stmt"/>
      <line num="165" count="5" type="stmt"/>
      <line num="169" count="5" type="stmt"/>
      <line num="173" count="6" type="stmt"/>
      <line num="174" count="2" type="cond" truecount="2" falsecount="0"/>
      <line num="175" count="1" type="stmt"/>
      <line num="178" count="9" type="stmt"/>
      <line num="179" count="2" type="cond" truecount="2" falsecount="0"/>
      <line num="180" count="1" type="stmt"/>
      <line num="188" count="1" type="stmt"/>
      <line num="196" count="1" type="stmt"/>
      <line num="197" count="1" type="stmt"/>
      <line num="200" count="1" type="stmt"/>
      <line num="205" count="1" type="stmt"/>
      <line num="206" count="1" type="stmt"/>
      <line num="212" count="1" type="stmt"/>
      <line num="213" count="1" type="stmt"/>
      <line num="221" count="1" type="stmt"/>
      <line num="222" count="1" type="stmt"/>
    </file>
  </project>
</coverage>
