{"/Users/bespin-starter/Desktop/DU Code/DU Capstone V2/schema.js": {"path":"/Users/bespin-starter/Desktop/DU Code/DU Capstone V2/schema.js","statementMap":{"0":{"start":{"line":5,"column":14},"end":{"line":40,"column":1}},"1":{"start":{"line":41,"column":16},"end":{"line":90,"column":1}},"2":{"start":{"line":92,"column":19},"end":{"line":108,"column":1}},"3":{"start":{"line":110,"column":17},"end":{"line":154,"column":1}},"4":{"start":{"line":156,"column":18},"end":{"line":225,"column":1}},"5":{"start":{"line":159,"column":6},"end":{"line":159,"column":52}},"6":{"start":{"line":159,"column":29},"end":{"line":159,"column":51}},"7":{"start":{"line":161,"column":6},"end":{"line":161,"column":70}},"8":{"start":{"line":161,"column":36},"end":{"line":161,"column":69}},"9":{"start":{"line":165,"column":6},"end":{"line":165,"column":53}},"10":{"start":{"line":165,"column":27},"end":{"line":165,"column":52}},"11":{"start":{"line":169,"column":6},"end":{"line":169,"column":53}},"12":{"start":{"line":169,"column":27},"end":{"line":169,"column":52}},"13":{"start":{"line":173,"column":19},"end":{"line":173,"column":53}},"14":{"start":{"line":173,"column":38},"end":{"line":173,"column":52}},"15":{"start":{"line":174,"column":6},"end":{"line":174,"column":76}},"16":{"start":{"line":174,"column":24},"end":{"line":174,"column":76}},"17":{"start":{"line":175,"column":6},"end":{"line":175,"column":18}},"18":{"start":{"line":178,"column":21},"end":{"line":178,"column":61}},"19":{"start":{"line":178,"column":44},"end":{"line":178,"column":60}},"20":{"start":{"line":179,"column":6},"end":{"line":179,"column":80}},"21":{"start":{"line":179,"column":26},"end":{"line":179,"column":80}},"22":{"start":{"line":180,"column":6},"end":{"line":180,"column":20}},"23":{"start":{"line":188,"column":19},"end":{"line":195,"column":7}},"24":{"start":{"line":196,"column":6},"end":{"line":196,"column":23}},"25":{"start":{"line":197,"column":6},"end":{"line":197,"column":18}},"26":{"start":{"line":200,"column":23},"end":{"line":204,"column":7}},"27":{"start":{"line":205,"column":6},"end":{"line":205,"column":32}},"28":{"start":{"line":206,"column":6},"end":{"line":206,"column":22}},"29":{"start":{"line":212,"column":24},"end":{"line":212,"column":63}},"30":{"start":{"line":212,"column":48},"end":{"line":212,"column":62}},"31":{"start":{"line":213,"column":19},"end":{"line":220,"column":7}},"32":{"start":{"line":221,"column":6},"end":{"line":221,"column":30}},"33":{"start":{"line":222,"column":6},"end":{"line":222,"column":18}}},"fnMap":{"0":{"name":"(anonymous_0)","decl":{"start":{"line":158,"column":12},"end":{"line":158,"column":13}},"loc":{"start":{"line":159,"column":6},"end":{"line":159,"column":52}},"line":159},"1":{"name":"(anonymous_1)","decl":{"start":{"line":159,"column":19},"end":{"line":159,"column":20}},"loc":{"start":{"line":159,"column":29},"end":{"line":159,"column":51}},"line":159},"2":{"name":"(anonymous_2)","decl":{"start":{"line":160,"column":16},"end":{"line":160,"column":17}},"loc":{"start":{"line":161,"column":6},"end":{"line":161,"column":70}},"line":161},"3":{"name":"(anonymous_3)","decl":{"start":{"line":161,"column":24},"end":{"line":161,"column":25}},"loc":{"start":{"line":161,"column":36},"end":{"line":161,"column":69}},"line":161},"4":{"name":"(anonymous_4)","decl":{"start":{"line":164,"column":11},"end":{"line":164,"column":12}},"loc":{"start":{"line":165,"column":6},"end":{"line":165,"column":53}},"line":165},"5":{"name":"(anonymous_5)","decl":{"start":{"line":165,"column":19},"end":{"line":165,"column":20}},"loc":{"start":{"line":165,"column":27},"end":{"line":165,"column":52}},"line":165},"6":{"name":"(anonymous_6)","decl":{"start":{"line":168,"column":11},"end":{"line":168,"column":12}},"loc":{"start":{"line":169,"column":6},"end":{"line":169,"column":53}},"line":169},"7":{"name":"(anonymous_7)","decl":{"start":{"line":169,"column":19},"end":{"line":169,"column":20}},"loc":{"start":{"line":169,"column":27},"end":{"line":169,"column":52}},"line":169},"8":{"name":"(anonymous_8)","decl":{"start":{"line":172,"column":13},"end":{"line":172,"column":14}},"loc":{"start":{"line":172,"column":34},"end":{"line":176,"column":5}},"line":172},"9":{"name":"(anonymous_9)","decl":{"start":{"line":173,"column":30},"end":{"line":173,"column":31}},"loc":{"start":{"line":173,"column":38},"end":{"line":173,"column":52}},"line":173},"10":{"name":"(anonymous_10)","decl":{"start":{"line":177,"column":15},"end":{"line":177,"column":16}},"loc":{"start":{"line":177,"column":36},"end":{"line":181,"column":5}},"line":177},"11":{"name":"(anonymous_11)","decl":{"start":{"line":178,"column":34},"end":{"line":178,"column":35}},"loc":{"start":{"line":178,"column":44},"end":{"line":178,"column":60}},"line":178},"12":{"name":"(anonymous_12)","decl":{"start":{"line":184,"column":13},"end":{"line":184,"column":14}},"loc":{"start":{"line":187,"column":9},"end":{"line":198,"column":5}},"line":187},"13":{"name":"(anonymous_13)","decl":{"start":{"line":199,"column":17},"end":{"line":199,"column":18}},"loc":{"start":{"line":199,"column":49},"end":{"line":207,"column":5}},"line":199},"14":{"name":"(anonymous_14)","decl":{"start":{"line":208,"column":16},"end":{"line":208,"column":17}},"loc":{"start":{"line":211,"column":9},"end":{"line":223,"column":5}},"line":211},"15":{"name":"(anonymous_15)","decl":{"start":{"line":212,"column":40},"end":{"line":212,"column":41}},"loc":{"start":{"line":212,"column":48},"end":{"line":212,"column":62}},"line":212}},"branchMap":{"0":{"loc":{"start":{"line":174,"column":6},"end":{"line":174,"column":76}},"type":"if","locations":[{"start":{"line":174,"column":6},"end":{"line":174,"column":76}},{"start":{},"end":{}}],"line":174},"1":{"loc":{"start":{"line":179,"column":6},"end":{"line":179,"column":80}},"type":"if","locations":[{"start":{"line":179,"column":6},"end":{"line":179,"column":80}},{"start":{},"end":{}}],"line":179}},"s":{"0":1,"1":1,"2":1,"3":1,"4":1,"5":2,"6":6,"7":3,"8":10,"9":1,"10":5,"11":1,"12":5,"13":2,"14":6,"15":2,"16":1,"17":1,"18":2,"19":9,"20":2,"21":1,"22":1,"23":1,"24":1,"25":1,"26":1,"27":1,"28":1,"29":1,"30":1,"31":1,"32":1,"33":1},"f":{"0":2,"1":6,"2":3,"3":10,"4":1,"5":5,"6":1,"7":5,"8":2,"9":6,"10":2,"11":9,"12":1,"13":1,"14":1,"15":1},"b":{"0":[1,1],"1":[1,1]},"_coverageSchema":"1a1c01bbd47fc00a2c39e90264f33305004495a9","hash":"b4d837b56eef6b4847d8637f8ee65474ca33b9ea"}
}
