{"/Users/bespin-starter/Desktop/DU Code/DU Capstone V2/schema.js": {"path":"/Users/bespin-starter/Desktop/DU Code/DU Capstone V2/schema.js","statementMap":{"0":{"start":{"line":5,"column":14},"end":{"line":40,"column":1}},"1":{"start":{"line":41,"column":16},"end":{"line":90,"column":1}},"2":{"start":{"line":92,"column":19},"end":{"line":108,"column":1}},"3":{"start":{"line":110,"column":17},"end":{"line":155,"column":1}},"4":{"start":{"line":157,"column":18},"end":{"line":232,"column":1}},"5":{"start":{"line":160,"column":6},"end":{"line":160,"column":52}},"6":{"start":{"line":160,"column":29},"end":{"line":160,"column":51}},"7":{"start":{"line":162,"column":6},"end":{"line":162,"column":70}},"8":{"start":{"line":162,"column":36},"end":{"line":162,"column":69}},"9":{"start":{"line":166,"column":6},"end":{"line":166,"column":53}},"10":{"start":{"line":166,"column":27},"end":{"line":166,"column":52}},"11":{"start":{"line":170,"column":6},"end":{"line":170,"column":53}},"12":{"start":{"line":170,"column":27},"end":{"line":170,"column":52}},"13":{"start":{"line":174,"column":19},"end":{"line":174,"column":53}},"14":{"start":{"line":174,"column":38},"end":{"line":174,"column":52}},"15":{"start":{"line":175,"column":6},"end":{"line":175,"column":76}},"16":{"start":{"line":175,"column":24},"end":{"line":175,"column":76}},"17":{"start":{"line":176,"column":6},"end":{"line":176,"column":18}},"18":{"start":{"line":179,"column":21},"end":{"line":179,"column":61}},"19":{"start":{"line":179,"column":44},"end":{"line":179,"column":60}},"20":{"start":{"line":180,"column":6},"end":{"line":180,"column":80}},"21":{"start":{"line":180,"column":26},"end":{"line":180,"column":80}},"22":{"start":{"line":181,"column":6},"end":{"line":181,"column":20}},"23":{"start":{"line":184,"column":23},"end":{"line":184,"column":70}},"24":{"start":{"line":184,"column":51},"end":{"line":184,"column":69}},"25":{"start":{"line":185,"column":6},"end":{"line":186,"column":64}},"26":{"start":{"line":186,"column":8},"end":{"line":186,"column":64}},"27":{"start":{"line":187,"column":6},"end":{"line":187,"column":22}},"28":{"start":{"line":195,"column":19},"end":{"line":202,"column":7}},"29":{"start":{"line":203,"column":6},"end":{"line":203,"column":23}},"30":{"start":{"line":204,"column":6},"end":{"line":204,"column":18}},"31":{"start":{"line":207,"column":23},"end":{"line":211,"column":7}},"32":{"start":{"line":212,"column":6},"end":{"line":212,"column":32}},"33":{"start":{"line":213,"column":6},"end":{"line":213,"column":22}},"34":{"start":{"line":219,"column":24},"end":{"line":219,"column":63}},"35":{"start":{"line":219,"column":48},"end":{"line":219,"column":62}},"36":{"start":{"line":220,"column":19},"end":{"line":227,"column":7}},"37":{"start":{"line":228,"column":6},"end":{"line":228,"column":30}},"38":{"start":{"line":229,"column":6},"end":{"line":229,"column":18}}},"fnMap":{"0":{"name":"(anonymous_0)","decl":{"start":{"line":159,"column":12},"end":{"line":159,"column":13}},"loc":{"start":{"line":160,"column":6},"end":{"line":160,"column":52}},"line":160},"1":{"name":"(anonymous_1)","decl":{"start":{"line":160,"column":19},"end":{"line":160,"column":20}},"loc":{"start":{"line":160,"column":29},"end":{"line":160,"column":51}},"line":160},"2":{"name":"(anonymous_2)","decl":{"start":{"line":161,"column":16},"end":{"line":161,"column":17}},"loc":{"start":{"line":162,"column":6},"end":{"line":162,"column":70}},"line":162},"3":{"name":"(anonymous_3)","decl":{"start":{"line":162,"column":24},"end":{"line":162,"column":25}},"loc":{"start":{"line":162,"column":36},"end":{"line":162,"column":69}},"line":162},"4":{"name":"(anonymous_4)","decl":{"start":{"line":165,"column":11},"end":{"line":165,"column":12}},"loc":{"start":{"line":166,"column":6},"end":{"line":166,"column":53}},"line":166},"5":{"name":"(anonymous_5)","decl":{"start":{"line":166,"column":19},"end":{"line":166,"column":20}},"loc":{"start":{"line":166,"column":27},"end":{"line":166,"column":52}},"line":166},"6":{"name":"(anonymous_6)","decl":{"start":{"line":169,"column":11},"end":{"line":169,"column":12}},"loc":{"start":{"line":170,"column":6},"end":{"line":170,"column":53}},"line":170},"7":{"name":"(anonymous_7)","decl":{"start":{"line":170,"column":19},"end":{"line":170,"column":20}},"loc":{"start":{"line":170,"column":27},"end":{"line":170,"column":52}},"line":170},"8":{"name":"(anonymous_8)","decl":{"start":{"line":173,"column":13},"end":{"line":173,"column":14}},"loc":{"start":{"line":173,"column":34},"end":{"line":177,"column":5}},"line":173},"9":{"name":"(anonymous_9)","decl":{"start":{"line":174,"column":30},"end":{"line":174,"column":31}},"loc":{"start":{"line":174,"column":38},"end":{"line":174,"column":52}},"line":174},"10":{"name":"(anonymous_10)","decl":{"start":{"line":178,"column":15},"end":{"line":178,"column":16}},"loc":{"start":{"line":178,"column":36},"end":{"line":182,"column":5}},"line":178},"11":{"name":"(anonymous_11)","decl":{"start":{"line":179,"column":34},"end":{"line":179,"column":35}},"loc":{"start":{"line":179,"column":44},"end":{"line":179,"column":60}},"line":179},"12":{"name":"(anonymous_12)","decl":{"start":{"line":183,"column":17},"end":{"line":183,"column":18}},"loc":{"start":{"line":183,"column":38},"end":{"line":188,"column":5}},"line":183},"13":{"name":"(anonymous_13)","decl":{"start":{"line":184,"column":39},"end":{"line":184,"column":40}},"loc":{"start":{"line":184,"column":51},"end":{"line":184,"column":69}},"line":184},"14":{"name":"(anonymous_14)","decl":{"start":{"line":191,"column":13},"end":{"line":191,"column":14}},"loc":{"start":{"line":194,"column":9},"end":{"line":205,"column":5}},"line":194},"15":{"name":"(anonymous_15)","decl":{"start":{"line":206,"column":17},"end":{"line":206,"column":18}},"loc":{"start":{"line":206,"column":49},"end":{"line":214,"column":5}},"line":206},"16":{"name":"(anonymous_16)","decl":{"start":{"line":215,"column":16},"end":{"line":215,"column":17}},"loc":{"start":{"line":218,"column":9},"end":{"line":230,"column":5}},"line":218},"17":{"name":"(anonymous_17)","decl":{"start":{"line":219,"column":40},"end":{"line":219,"column":41}},"loc":{"start":{"line":219,"column":48},"end":{"line":219,"column":62}},"line":219}},"branchMap":{"0":{"loc":{"start":{"line":175,"column":6},"end":{"line":175,"column":76}},"type":"if","locations":[{"start":{"line":175,"column":6},"end":{"line":175,"column":76}},{"start":{},"end":{}}],"line":175},"1":{"loc":{"start":{"line":180,"column":6},"end":{"line":180,"column":80}},"type":"if","locations":[{"start":{"line":180,"column":6},"end":{"line":180,"column":80}},{"start":{},"end":{}}],"line":180},"2":{"loc":{"start":{"line":185,"column":6},"end":{"line":186,"column":64}},"type":"if","locations":[{"start":{"line":185,"column":6},"end":{"line":186,"column":64}},{"start":{},"end":{}}],"line":185}},"s":{"0":1,"1":1,"2":1,"3":1,"4":1,"5":2,"6":6,"7":3,"8":10,"9":1,"10":5,"11":2,"12":10,"13":2,"14":6,"15":2,"16":1,"17":1,"18":2,"19":9,"20":2,"21":1,"22":1,"23":2,"24":5,"25":2,"26":1,"27":1,"28":1,"29":1,"30":1,"31":1,"32":1,"33":1,"34":1,"35":1,"36":1,"37":1,"38":1},"f":{"0":2,"1":6,"2":3,"3":10,"4":1,"5":5,"6":2,"7":10,"8":2,"9":6,"10":2,"11":9,"12":2,"13":5,"14":1,"15":1,"16":1,"17":1},"b":{"0":[1,1],"1":[1,1],"2":[1,1]},"_coverageSchema":"1a1c01bbd47fc00a2c39e90264f33305004495a9","hash":"29b17b764333ce32ac1d9a8ee01e02e639f961d2"}
}
