TN:
SF:schema.js
FN:158,(anonymous_0)
FN:159,(anonymous_1)
FN:160,(anonymous_2)
FN:161,(anonymous_3)
FN:164,(anonymous_4)
FN:165,(anonymous_5)
FN:168,(anonymous_6)
FN:169,(anonymous_7)
FN:172,(anonymous_8)
FN:173,(anonymous_9)
FN:177,(anonymous_10)
FN:178,(anonymous_11)
FN:184,(anonymous_12)
FN:199,(anonymous_13)
FN:208,(anonymous_14)
FN:212,(anonymous_15)
FNF:16
FNH:16
FNDA:2,(anonymous_0)
FNDA:6,(anonymous_1)
FNDA:3,(anonymous_2)
FNDA:10,(anonymous_3)
FNDA:1,(anonymous_4)
FNDA:5,(anonymous_5)
FNDA:1,(anonymous_6)
FNDA:5,(anonymous_7)
FNDA:2,(anonymous_8)
FNDA:6,(anonymous_9)
FNDA:2,(anonymous_10)
FNDA:9,(anonymous_11)
FNDA:1,(anonymous_12)
FNDA:1,(anonymous_13)
FNDA:1,(anonymous_14)
FNDA:1,(anonymous_15)
DA:5,1
DA:41,1
DA:92,1
DA:110,1
DA:156,1
DA:159,6
DA:161,10
DA:165,5
DA:169,5
DA:173,6
DA:174,2
DA:175,1
DA:178,9
DA:179,2
DA:180,1
DA:188,1
DA:196,1
DA:197,1
DA:200,1
DA:205,1
DA:206,1
DA:212,1
DA:213,1
DA:221,1
DA:222,1
LF:25
LH:25
BRDA:174,0,0,1
BRDA:174,0,1,1
BRDA:179,1,0,1
BRDA:179,1,1,1
BRF:4
BRH:4
end_of_record
