TN:
SF:schema.js
FN:159,(anonymous_0)
FN:160,(anonymous_1)
FN:161,(anonymous_2)
FN:162,(anonymous_3)
FN:165,(anonymous_4)
FN:166,(anonymous_5)
FN:169,(anonymous_6)
FN:170,(anonymous_7)
FN:173,(anonymous_8)
FN:174,(anonymous_9)
FN:178,(anonymous_10)
FN:179,(anonymous_11)
FN:183,(anonymous_12)
FN:184,(anonymous_13)
FN:191,(anonymous_14)
FN:206,(anonymous_15)
FN:215,(anonymous_16)
FN:219,(anonymous_17)
FNF:18
FNH:18
FNDA:2,(anonymous_0)
FNDA:6,(anonymous_1)
FNDA:3,(anonymous_2)
FNDA:10,(anonymous_3)
FNDA:1,(anonymous_4)
FNDA:5,(anonymous_5)
FNDA:2,(anonymous_6)
FNDA:10,(anonymous_7)
FNDA:2,(anonymous_8)
FNDA:6,(anonymous_9)
FNDA:2,(anonymous_10)
FNDA:9,(anonymous_11)
FNDA:2,(anonymous_12)
FNDA:5,(anonymous_13)
FNDA:1,(anonymous_14)
FNDA:1,(anonymous_15)
FNDA:1,(anonymous_16)
FNDA:1,(anonymous_17)
DA:5,1
DA:41,1
DA:92,1
DA:110,1
DA:157,1
DA:160,6
DA:162,10
DA:166,5
DA:170,10
DA:174,6
DA:175,2
DA:176,1
DA:179,9
DA:180,2
DA:181,1
DA:184,5
DA:185,2
DA:186,1
DA:187,1
DA:195,1
DA:203,1
DA:204,1
DA:207,1
DA:212,1
DA:213,1
DA:219,1
DA:220,1
DA:228,1
DA:229,1
LF:29
LH:29
BRDA:175,0,0,1
BRDA:175,0,1,1
BRDA:180,1,0,1
BRDA:180,1,1,1
BRDA:185,2,0,1
BRDA:185,2,1,1
BRF:6
BRH:6
end_of_record
